<?xml version="1.0" encoding="UTF-8"?>
<testsuites>
  <testsuite name="Tests\Unit\BangladeshPhoneValidationTest" file="/home/runner/work/Double-Entry-Accounting-System2/Double-Entry-Accounting-System2/tests/Unit/BangladeshPhoneValidationTest.php" tests="7" assertions="39" errors="0" failures="0" skipped="0" time="0.305524">
    <testcase name="test_valid_local_phone_numbers" file="/home/runner/work/Double-Entry-Accounting-System2/Double-Entry-Accounting-System2/tests/Unit/BangladeshPhoneValidationTest.php" line="21" class="Tests\Unit\BangladeshPhoneValidationTest" classname="Tests.Unit.BangladeshPhoneValidationTest" assertions="7" time="0.128642"/>
    <testcase name="test_valid_international_phone_numbers" file="/home/runner/work/Double-Entry-Accounting-System2/Double-Entry-Accounting-System2/tests/Unit/BangladeshPhoneValidationTest.php" line="44" class="Tests\Unit\BangladeshPhoneValidationTest" classname="Tests.Unit.BangladeshPhoneValidationTest" assertions="7" time="0.030135"/>
    <testcase name="test_invalid_operator_prefixes" file="/home/runner/work/Double-Entry-Accounting-System2/Double-Entry-Accounting-System2/tests/Unit/BangladeshPhoneValidationTest.php" line="67" class="Tests\Unit\BangladeshPhoneValidationTest" classname="Tests.Unit.BangladeshPhoneValidationTest" assertions="6" time="0.029349"/>
    <testcase name="test_invalid_phone_lengths" file="/home/runner/work/Double-Entry-Accounting-System2/Double-Entry-Accounting-System2/tests/Unit/BangladeshPhoneValidationTest.php" line="89" class="Tests\Unit\BangladeshPhoneValidationTest" classname="Tests.Unit.BangladeshPhoneValidationTest" assertions="4" time="0.029434"/>
    <testcase name="test_invalid_formats" file="/home/runner/work/Double-Entry-Accounting-System2/Double-Entry-Accounting-System2/tests/Unit/BangladeshPhoneValidationTest.php" line="109" class="Tests\Unit\BangladeshPhoneValidationTest" classname="Tests.Unit.BangladeshPhoneValidationTest" assertions="7" time="0.030377"/>
    <testcase name="test_phone_numbers_with_formatting" file="/home/runner/work/Double-Entry-Accounting-System2/Double-Entry-Accounting-System2/tests/Unit/BangladeshPhoneValidationTest.php" line="132" class="Tests\Unit\BangladeshPhoneValidationTest" classname="Tests.Unit.BangladeshPhoneValidationTest" assertions="4" time="0.028976"/>
    <testcase name="test_validation_error_message" file="/home/runner/work/Double-Entry-Accounting-System2/Double-Entry-Accounting-System2/tests/Unit/BangladeshPhoneValidationTest.php" line="152" class="Tests\Unit\BangladeshPhoneValidationTest" classname="Tests.Unit.BangladeshPhoneValidationTest" assertions="4" time="0.028611"/>
  </testsuite>
</testsuites>
