<?xml version="1.0" encoding="UTF-8"?>
<testsuites>
  <testsuite name="CLI Arguments" tests="8" assertions="40" errors="0" failures="0" skipped="0" time="0.310944">
    <testsuite name="Tests\Unit\BangladeshPhoneValidationTest" file="/home/runner/work/Double-Entry-Accounting-System2/Double-Entry-Accounting-System2/tests/Unit/BangladeshPhoneValidationTest.php" tests="7" assertions="39" errors="0" failures="0" skipped="0" time="0.301607">
      <testcase name="test_valid_local_phone_numbers" file="/home/runner/work/Double-Entry-Accounting-System2/Double-Entry-Accounting-System2/tests/Unit/BangladeshPhoneValidationTest.php" line="21" class="Tests\Unit\BangladeshPhoneValidationTest" classname="Tests.Unit.BangladeshPhoneValidationTest" assertions="7" time="0.126250"/>
      <testcase name="test_valid_international_phone_numbers" file="/home/runner/work/Double-Entry-Accounting-System2/Double-Entry-Accounting-System2/tests/Unit/BangladeshPhoneValidationTest.php" line="44" class="Tests\Unit\BangladeshPhoneValidationTest" classname="Tests.Unit.BangladeshPhoneValidationTest" assertions="7" time="0.029245"/>
      <testcase name="test_invalid_operator_prefixes" file="/home/runner/work/Double-Entry-Accounting-System2/Double-Entry-Accounting-System2/tests/Unit/BangladeshPhoneValidationTest.php" line="67" class="Tests\Unit\BangladeshPhoneValidationTest" classname="Tests.Unit.BangladeshPhoneValidationTest" assertions="6" time="0.028409"/>
      <testcase name="test_invalid_phone_lengths" file="/home/runner/work/Double-Entry-Accounting-System2/Double-Entry-Accounting-System2/tests/Unit/BangladeshPhoneValidationTest.php" line="89" class="Tests\Unit\BangladeshPhoneValidationTest" classname="Tests.Unit.BangladeshPhoneValidationTest" assertions="4" time="0.029561"/>
      <testcase name="test_invalid_formats" file="/home/runner/work/Double-Entry-Accounting-System2/Double-Entry-Accounting-System2/tests/Unit/BangladeshPhoneValidationTest.php" line="109" class="Tests\Unit\BangladeshPhoneValidationTest" classname="Tests.Unit.BangladeshPhoneValidationTest" assertions="7" time="0.029978"/>
      <testcase name="test_phone_numbers_with_formatting" file="/home/runner/work/Double-Entry-Accounting-System2/Double-Entry-Accounting-System2/tests/Unit/BangladeshPhoneValidationTest.php" line="132" class="Tests\Unit\BangladeshPhoneValidationTest" classname="Tests.Unit.BangladeshPhoneValidationTest" assertions="4" time="0.029073"/>
      <testcase name="test_validation_error_message" file="/home/runner/work/Double-Entry-Accounting-System2/Double-Entry-Accounting-System2/tests/Unit/BangladeshPhoneValidationTest.php" line="152" class="Tests\Unit\BangladeshPhoneValidationTest" classname="Tests.Unit.BangladeshPhoneValidationTest" assertions="4" time="0.029092"/>
    </testsuite>
    <testsuite name="Tests\Unit\ExampleTest" file="/home/runner/work/Double-Entry-Accounting-System2/Double-Entry-Accounting-System2/tests/Unit/ExampleTest.php" tests="1" assertions="1" errors="0" failures="0" skipped="0" time="0.009337">
      <testcase name="test_that_true_is_true" file="/home/runner/work/Double-Entry-Accounting-System2/Double-Entry-Accounting-System2/tests/Unit/ExampleTest.php" line="12" class="Tests\Unit\ExampleTest" classname="Tests.Unit.ExampleTest" assertions="1" time="0.009337"/>
    </testsuite>
  </testsuite>
</testsuites>
