<?xml version="1.0" encoding="UTF-8"?>
<testsuites>
  <testsuite name="/workspace/phpunit.xml" tests="2" assertions="1" errors="1" failures="0" skipped="0" time="0.284259">
    <testsuite name="Unit" tests="1" assertions="1" errors="0" failures="0" skipped="0" time="0.021891">
      <testsuite name="Tests\Unit\ExampleTest" file="/workspace/tests/Unit/ExampleTest.php" tests="1" assertions="1" errors="0" failures="0" skipped="0" time="0.021891">
        <testcase name="test_that_true_is_true" file="/workspace/tests/Unit/ExampleTest.php" line="12" class="Tests\Unit\ExampleTest" classname="Tests.Unit.ExampleTest" assertions="1" time="0.021891"/>
      </testsuite>
    </testsuite>
    <testsuite name="Feature" tests="1" assertions="0" errors="1" failures="0" skipped="0" time="0.262368">
      <testsuite name="Tests\Feature\ExampleTest" file="/workspace/tests/Feature/ExampleTest.php" tests="1" assertions="0" errors="1" failures="0" skipped="0" time="0.262368">
        <testcase name="test_the_application_returns_a_successful_response" file="/workspace/tests/Feature/ExampleTest.php" line="13" class="Tests\Feature\ExampleTest" classname="Tests.Feature.ExampleTest" assertions="0" time="0.262368">
          <error type="Illuminate\Encryption\MissingAppKeyException">Tests\Feature\ExampleTest::test_the_application_returns_a_successful_response
Illuminate\Encryption\MissingAppKeyException: No application encryption key has been specified.

/workspace/vendor/laravel/framework/src/Illuminate/Encryption/EncryptionServiceProvider.php:83
/workspace/vendor/laravel/framework/src/Illuminate/Support/helpers.php:399
/workspace/vendor/laravel/framework/src/Illuminate/Encryption/EncryptionServiceProvider.php:81
/workspace/vendor/laravel/framework/src/Illuminate/Encryption/EncryptionServiceProvider.php:64
/workspace/vendor/laravel/framework/src/Illuminate/Encryption/EncryptionServiceProvider.php:32
/workspace/vendor/laravel/framework/src/Illuminate/Container/Container.php:1010
/workspace/vendor/laravel/framework/src/Illuminate/Container/Container.php:890
/workspace/vendor/laravel/framework/src/Illuminate/Foundation/Application.php:1077
/workspace/vendor/laravel/framework/src/Illuminate/Container/Container.php:821
/workspace/vendor/laravel/framework/src/Illuminate/Foundation/Application.php:1057
/workspace/vendor/laravel/framework/src/Illuminate/Container/Container.php:1202
/workspace/vendor/laravel/framework/src/Illuminate/Container/Container.php:1101
/workspace/vendor/laravel/framework/src/Illuminate/Container/Container.php:1052
/workspace/vendor/laravel/framework/src/Illuminate/Container/Container.php:890
/workspace/vendor/laravel/framework/src/Illuminate/Foundation/Application.php:1077
/workspace/vendor/laravel/framework/src/Illuminate/Container/Container.php:821
/workspace/vendor/laravel/framework/src/Illuminate/Foundation/Application.php:1057
/workspace/vendor/laravel/framework/src/Illuminate/Foundation/Http/Kernel.php:257
/workspace/vendor/laravel/framework/src/Illuminate/Foundation/Http/Kernel.php:215
/workspace/vendor/laravel/framework/src/Illuminate/Foundation/Testing/Concerns/MakesHttpRequests.php:611
/workspace/vendor/laravel/framework/src/Illuminate/Foundation/Testing/Concerns/MakesHttpRequests.php:368
/workspace/tests/Feature/ExampleTest.php:15</error>
        </testcase>
      </testsuite>
    </testsuite>
  </testsuite>
</testsuites>
