<?xml version="1.0" encoding="UTF-8"?>
<testsuites>
  <testsuite name="/workspace/phpunit.xml" tests="7" assertions="20" errors="0" failures="1" skipped="0" time="1.184018">
    <testsuite name="Unit" tests="1" assertions="1" errors="0" failures="0" skipped="0" time="0.025432">
      <testsuite name="Tests\Unit\ExampleTest" file="/workspace/tests/Unit/ExampleTest.php" tests="1" assertions="1" errors="0" failures="0" skipped="0" time="0.025432">
        <testcase name="test_that_true_is_true" file="/workspace/tests/Unit/ExampleTest.php" line="12" class="Tests\Unit\ExampleTest" classname="Tests.Unit.ExampleTest" assertions="1" time="0.025432"/>
      </testsuite>
    </testsuite>
    <testsuite name="Feature" tests="6" assertions="19" errors="0" failures="1" skipped="0" time="1.158585">
      <testsuite name="Tests\Feature\Auth\LoginTest" file="/workspace/tests/Feature/Auth/LoginTest.php" tests="2" assertions="10" errors="0" failures="0" skipped="0" time="0.418933">
        <testcase name="test_valid_login_redirects_to_home" file="/workspace/tests/Feature/Auth/LoginTest.php" line="11" class="Tests\Feature\Auth\LoginTest" classname="Tests.Feature.Auth.LoginTest" assertions="6" time="0.181436"/>
        <testcase name="test_invalid_password_redirects_back_to_login" file="/workspace/tests/Feature/Auth/LoginTest.php" line="26" class="Tests\Feature\Auth\LoginTest" classname="Tests.Feature.Auth.LoginTest" assertions="4" time="0.237497"/>
      </testsuite>
      <testsuite name="Tests\Feature\Catalog\ProductTest" file="/workspace/tests/Feature/Catalog/ProductTest.php" tests="2" assertions="5" errors="0" failures="0" skipped="0" time="0.147827">
        <testcase name="test_create_product_with_mapping_valid" file="/workspace/tests/Feature/Catalog/ProductTest.php" line="26" class="Tests\Feature\Catalog\ProductTest" classname="Tests.Feature.Catalog.ProductTest" assertions="3" time="0.102825"/>
        <testcase name="test_create_product_invalid_unit_fk" file="/workspace/tests/Feature/Catalog/ProductTest.php" line="114" class="Tests\Feature\Catalog\ProductTest" classname="Tests.Feature.Catalog.ProductTest" assertions="2" time="0.045002"/>
      </testsuite>
      <testsuite name="Tests\Feature\ExampleTest" file="/workspace/tests/Feature/ExampleTest.php" tests="1" assertions="3" errors="0" failures="0" skipped="0" time="0.039132">
        <testcase name="test_the_application_returns_a_successful_response" file="/workspace/tests/Feature/ExampleTest.php" line="13" class="Tests\Feature\ExampleTest" classname="Tests.Feature.ExampleTest" assertions="3" time="0.039132"/>
      </testsuite>
      <testsuite name="Tests\Feature\Reports\ExportTest" file="/workspace/tests/Feature/Reports/ExportTest.php" tests="1" assertions="1" errors="0" failures="1" skipped="0" time="0.552693">
        <testcase name="test_sales_pdf_export_returns_pdf" file="/workspace/tests/Feature/Reports/ExportTest.php" line="21" class="Tests\Feature\Reports\ExportTest" classname="Tests.Feature.Reports.ExportTest" assertions="1" time="0.552693">
          <failure type="PHPUnit\Framework\ExpectationFailedException">Tests\Feature\Reports\ExportTest::test_sales_pdf_export_returns_pdf
Expected response status code [200] but received 500.
Failed asserting that 500 is identical to 200.

The following exception occurred during the last request:

Exception: The PHP GD extension is required, but is not installed. in /workspace/vendor/dompdf/dompdf/lib/Cpdf.php:6091
Stack trace:
#0 /workspace/vendor/dompdf/dompdf/src/Adapter/CPDF.php(672): Dompdf\Cpdf-&gt;addPngFromFile()
#1 /workspace/vendor/dompdf/dompdf/src/Renderer/Image.php(63): Dompdf\Adapter\CPDF-&gt;image()
#2 /workspace/vendor/dompdf/dompdf/src/Renderer.php(305): Dompdf\Renderer\Image-&gt;render()
#3 /workspace/vendor/dompdf/dompdf/src/Renderer.php(140): Dompdf\Renderer-&gt;_render_frame()
#4 /workspace/vendor/dompdf/dompdf/src/Renderer.php(207): Dompdf\Renderer-&gt;render()
#5 /workspace/vendor/dompdf/dompdf/src/Renderer.php(207): Dompdf\Renderer-&gt;render()
#6 /workspace/vendor/dompdf/dompdf/src/Renderer.php(207): Dompdf\Renderer-&gt;render()
#7 /workspace/vendor/dompdf/dompdf/src/Renderer.php(207): Dompdf\Renderer-&gt;render()
#8 /workspace/vendor/dompdf/dompdf/src/Renderer.php(207): Dompdf\Renderer-&gt;render()
#9 /workspace/vendor/dompdf/dompdf/src/FrameReflower/Page.php(149): Dompdf\Renderer-&gt;render()
#10 /workspace/vendor/dompdf/dompdf/src/FrameDecorator/AbstractFrameDecorator.php(905): Dompdf\FrameReflower\Page-&gt;reflow()
#11 /workspace/vendor/dompdf/dompdf/src/Dompdf.php(808): Dompdf\FrameDecorator\AbstractFrameDecorator-&gt;reflow()
#12 /workspace/vendor/barryvdh/laravel-dompdf/src/PDF.php(244): Dompdf\Dompdf-&gt;render()
#13 /workspace/vendor/barryvdh/laravel-dompdf/src/PDF.php(188): Barryvdh\DomPDF\PDF-&gt;render()
#14 /workspace/vendor/barryvdh/laravel-dompdf/src/PDF.php(214): Barryvdh\DomPDF\PDF-&gt;output()
#15 /workspace/app/Http/Controllers/Admin/ReportController.php(336): Barryvdh\DomPDF\PDF-&gt;download()
#16 /workspace/vendor/laravel/framework/src/Illuminate/Routing/Controller.php(54): App\Http\Controllers\Admin\ReportController-&gt;salesExport()
#17 /workspace/vendor/laravel/framework/src/Illuminate/Routing/ControllerDispatcher.php(43): Illuminate\Routing\Controller-&gt;callAction()
#18 /workspace/vendor/laravel/framework/src/Illuminate/Routing/Route.php(265): Illuminate\Routing\ControllerDispatcher-&gt;dispatch()
#19 /workspace/vendor/laravel/framework/src/Illuminate/Routing/Route.php(211): Illuminate\Routing\Route-&gt;runController()
#20 /workspace/vendor/laravel/framework/src/Illuminate/Routing/Router.php(808): Illuminate\Routing\Route-&gt;run()
#21 /workspace/vendor/laravel/framework/src/Illuminate/Pipeline/Pipeline.php(169): Illuminate\Routing\Router-&gt;{closure:Illuminate\Routing\Router::runRouteWithinStack():807}()
#22 /workspace/vendor/barryvdh/laravel-debugbar/src/Middleware/InjectDebugbar.php(59): Illuminate\Pipeline\Pipeline-&gt;{closure:Illuminate\Pipeline\Pipeline::prepareDestination():167}()
#23 /workspace/vendor/laravel/framework/src/Illuminate/Pipeline/Pipeline.php(208): Barryvdh\Debugbar\Middleware\InjectDebugbar-&gt;handle()
#24 /workspace/vendor/spatie/laravel-multitenancy/src/Http/Middleware/EnsureValidTenantSession.php(20): Illuminate\Pipeline\Pipeline-&gt;{closure:{closure:Illuminate\Pipeline\Pipeline::carry():183}:184}()
#25 /workspace/vendor/laravel/framework/src/Illuminate/Pipeline/Pipeline.php(208): Spatie\Multitenancy\Http\Middleware\EnsureValidTenantSession-&gt;handle()
#26 /workspace/vendor/spatie/laravel-multitenancy/src/Http/Middleware/NeedsTenant.php(17): Illuminate\Pipeline\Pipeline-&gt;{closure:{closure:Illuminate\Pipeline\Pipeline::carry():183}:184}()
#27 /workspace/vendor/laravel/framework/src/Illuminate/Pipeline/Pipeline.php(208): Spatie\Multitenancy\Http\Middleware\NeedsTenant-&gt;handle()
#28 /workspace/vendor/laravel/framework/src/Illuminate/Routing/Middleware/SubstituteBindings.php(50): Illuminate\Pipeline\Pipeline-&gt;{closure:{closure:Illuminate\Pipeline\Pipeline::carry():183}:184}()
#29 /workspace/vendor/laravel/framework/src/Illuminate/Pipeline/Pipeline.php(208): Illuminate\Routing\Middleware\SubstituteBindings-&gt;handle()
#30 /workspace/vendor/laravel/framework/src/Illuminate/Auth/Middleware/Authenticate.php(63): Illuminate\Pipeline\Pipeline-&gt;{closure:{closure:Illuminate\Pipeline\Pipeline::carry():183}:184}()
#31 /workspace/vendor/laravel/framework/src/Illuminate/Pipeline/Pipeline.php(208): Illuminate\Auth\Middleware\Authenticate-&gt;handle()
#32 /workspace/vendor/laravel/framework/src/Illuminate/Foundation/Http/Middleware/VerifyCsrfToken.php(87): Illuminate\Pipeline\Pipeline-&gt;{closure:{closure:Illuminate\Pipeline\Pipeline::carry():183}:184}()
#33 /workspace/vendor/laravel/framework/src/Illuminate/Pipeline/Pipeline.php(208): Illuminate\Foundation\Http\Middleware\VerifyCsrfToken-&gt;handle()
#34 /workspace/vendor/laravel/framework/src/Illuminate/View/Middleware/ShareErrorsFromSession.php(48): Illuminate\Pipeline\Pipeline-&gt;{closure:{closure:Illuminate\Pipeline\Pipeline::carry():183}:184}()
#35 /workspace/vendor/laravel/framework/src/Illuminate/Pipeline/Pipeline.php(208): Illuminate\View\Middleware\ShareErrorsFromSession-&gt;handle()
#36 /workspace/vendor/laravel/framework/src/Illuminate/Session/Middleware/StartSession.php(120): Illuminate\Pipeline\Pipeline-&gt;{closure:{closure:Illuminate\Pipeline\Pipeline::carry():183}:184}()
#37 /workspace/vendor/laravel/framework/src/Illuminate/Session/Middleware/StartSession.php(63): Illuminate\Session\Middleware\StartSession-&gt;handleStatefulRequest()
#38 /workspace/vendor/laravel/framework/src/Illuminate/Pipeline/Pipeline.php(208): Illuminate\Session\Middleware\StartSession-&gt;handle()
#39 /workspace/vendor/laravel/framework/src/Illuminate/Cookie/Middleware/AddQueuedCookiesToResponse.php(36): Illuminate\Pipeline\Pipeline-&gt;{closure:{closure:Illuminate\Pipeline\Pipeline::carry():183}:184}()
#40 /workspace/vendor/laravel/framework/src/Illuminate/Pipeline/Pipeline.php(208): Illuminate\Cookie\Middleware\AddQueuedCookiesToResponse-&gt;handle()
#41 /workspace/vendor/laravel/framework/src/Illuminate/Cookie/Middleware/EncryptCookies.php(74): Illuminate\Pipeline\Pipeline-&gt;{closure:{closure:Illuminate\Pipeline\Pipeline::carry():183}:184}()
#42 /workspace/vendor/laravel/framework/src/Illuminate/Pipeline/Pipeline.php(208): Illuminate\Cookie\Middleware\EncryptCookies-&gt;handle()
#43 /workspace/vendor/laravel/framework/src/Illuminate/Pipeline/Pipeline.php(126): Illuminate\Pipeline\Pipeline-&gt;{closure:{closure:Illuminate\Pipeline\Pipeline::carry():183}:184}()
#44 /workspace/vendor/laravel/framework/src/Illuminate/Routing/Router.php(807): Illuminate\Pipeline\Pipeline-&gt;then()
#45 /workspace/vendor/laravel/framework/src/Illuminate/Routing/Router.php(786): Illuminate\Routing\Router-&gt;runRouteWithinStack()
#46 /workspace/vendor/laravel/framework/src/Illuminate/Routing/Router.php(750): Illuminate\Routing\Router-&gt;runRoute()
#47 /workspace/vendor/laravel/framework/src/Illuminate/Routing/Router.php(739): Illuminate\Routing\Router-&gt;dispatchToRoute()
#48 /workspace/vendor/laravel/framework/src/Illuminate/Foundation/Http/Kernel.php(200): Illuminate\Routing\Router-&gt;dispatch()
#49 /workspace/vendor/laravel/framework/src/Illuminate/Pipeline/Pipeline.php(169): Illuminate\Foundation\Http\Kernel-&gt;{closure:Illuminate\Foundation\Http\Kernel::dispatchToRouter():197}()
#50 /workspace/vendor/livewire/livewire/src/Features/SupportDisablingBackButtonCache/DisableBackButtonCacheMiddleware.php(19): Illuminate\Pipeline\Pipeline-&gt;{closure:Illuminate\Pipeline\Pipeline::prepareDestination():167}()
#51 /workspace/vendor/laravel/framework/src/Illuminate/Pipeline/Pipeline.php(208): Livewire\Features\SupportDisablingBackButtonCache\DisableBackButtonCacheMiddleware-&gt;handle()
#52 /workspace/vendor/barryvdh/laravel-debugbar/src/Middleware/InjectDebugbar.php(59): Illuminate\Pipeline\Pipeline-&gt;{closure:{closure:Illuminate\Pipeline\Pipeline::carry():183}:184}()
#53 /workspace/vendor/laravel/framework/src/Illuminate/Pipeline/Pipeline.php(208): Barryvdh\Debugbar\Middleware\InjectDebugbar-&gt;handle()
#54 /workspace/vendor/laravel/framework/src/Illuminate/Foundation/Http/Middleware/TransformsRequest.php(21): Illuminate\Pipeline\Pipeline-&gt;{closure:{closure:Illuminate\Pipeline\Pipeline::carry():183}:184}()
#55 /workspace/vendor/laravel/framework/src/Illuminate/Foundation/Http/Middleware/ConvertEmptyStringsToNull.php(31): Illuminate\Foundation\Http\Middleware\TransformsRequest-&gt;handle()
#56 /workspace/vendor/laravel/framework/src/Illuminate/Pipeline/Pipeline.php(208): Illuminate\Foundation\Http\Middleware\ConvertEmptyStringsToNull-&gt;handle()
#57 /workspace/vendor/laravel/framework/src/Illuminate/Foundation/Http/Middleware/TransformsRequest.php(21): Illuminate\Pipeline\Pipeline-&gt;{closure:{closure:Illuminate\Pipeline\Pipeline::carry():183}:184}()
#58 /workspace/vendor/laravel/framework/src/Illuminate/Foundation/Http/Middleware/TrimStrings.php(51): Illuminate\Foundation\Http\Middleware\TransformsRequest-&gt;handle()
#59 /workspace/vendor/laravel/framework/src/Illuminate/Pipeline/Pipeline.php(208): Illuminate\Foundation\Http\Middleware\TrimStrings-&gt;handle()
#60 /workspace/vendor/laravel/framework/src/Illuminate/Http/Middleware/ValidatePostSize.php(27): Illuminate\Pipeline\Pipeline-&gt;{closure:{closure:Illuminate\Pipeline\Pipeline::carry():183}:184}()
#61 /workspace/vendor/laravel/framework/src/Illuminate/Pipeline/Pipeline.php(208): Illuminate\Http\Middleware\ValidatePostSize-&gt;handle()
#62 /workspace/vendor/laravel/framework/src/Illuminate/Foundation/Http/Middleware/PreventRequestsDuringMaintenance.php(109): Illuminate\Pipeline\Pipeline-&gt;{closure:{closure:Illuminate\Pipeline\Pipeline::carry():183}:184}()
#63 /workspace/vendor/laravel/framework/src/Illuminate/Pipeline/Pipeline.php(208): Illuminate\Foundation\Http\Middleware\PreventRequestsDuringMaintenance-&gt;handle()
#64 /workspace/vendor/laravel/framework/src/Illuminate/Http/Middleware/HandleCors.php(48): Illuminate\Pipeline\Pipeline-&gt;{closure:{closure:Illuminate\Pipeline\Pipeline::carry():183}:184}()
#65 /workspace/vendor/laravel/framework/src/Illuminate/Pipeline/Pipeline.php(208): Illuminate\Http\Middleware\HandleCors-&gt;handle()
#66 /workspace/vendor/laravel/framework/src/Illuminate/Http/Middleware/TrustProxies.php(58): Illuminate\Pipeline\Pipeline-&gt;{closure:{closure:Illuminate\Pipeline\Pipeline::carry():183}:184}()
#67 /workspace/vendor/laravel/framework/src/Illuminate/Pipeline/Pipeline.php(208): Illuminate\Http\Middleware\TrustProxies-&gt;handle()
#68 /workspace/vendor/laravel/framework/src/Illuminate/Foundation/Http/Middleware/InvokeDeferredCallbacks.php(22): Illuminate\Pipeline\Pipeline-&gt;{closure:{closure:Illuminate\Pipeline\Pipeline::carry():183}:184}()
#69 /workspace/vendor/laravel/framework/src/Illuminate/Pipeline/Pipeline.php(208): Illuminate\Foundation\Http\Middleware\InvokeDeferredCallbacks-&gt;handle()
#70 /workspace/vendor/laravel/framework/src/Illuminate/Http/Middleware/ValidatePathEncoding.php(26): Illuminate\Pipeline\Pipeline-&gt;{closure:{closure:Illuminate\Pipeline\Pipeline::carry():183}:184}()
#71 /workspace/vendor/laravel/framework/src/Illuminate/Pipeline/Pipeline.php(208): Illuminate\Http\Middleware\ValidatePathEncoding-&gt;handle()
#72 /workspace/vendor/laravel/framework/src/Illuminate/Pipeline/Pipeline.php(126): Illuminate\Pipeline\Pipeline-&gt;{closure:{closure:Illuminate\Pipeline\Pipeline::carry():183}:184}()
#73 /workspace/vendor/laravel/framework/src/Illuminate/Foundation/Http/Kernel.php(175): Illuminate\Pipeline\Pipeline-&gt;then()
#74 /workspace/vendor/laravel/framework/src/Illuminate/Foundation/Http/Kernel.php(144): Illuminate\Foundation\Http\Kernel-&gt;sendRequestThroughRouter()
#75 /workspace/vendor/laravel/framework/src/Illuminate/Foundation/Testing/Concerns/MakesHttpRequests.php(607): Illuminate\Foundation\Http\Kernel-&gt;handle()
#76 /workspace/vendor/laravel/framework/src/Illuminate/Foundation/Testing/Concerns/MakesHttpRequests.php(368): Illuminate\Foundation\Testing\TestCase-&gt;call()
#77 /workspace/tests/Feature/Reports/ExportTest.php(25): Illuminate\Foundation\Testing\TestCase-&gt;get()
#78 /workspace/vendor/phpunit/phpunit/src/Framework/TestCase.php(1656): Tests\Feature\Reports\ExportTest-&gt;test_sales_pdf_export_returns_pdf()
#79 /workspace/vendor/phpunit/phpunit/src/Framework/TestCase.php(514): PHPUnit\Framework\TestCase-&gt;runTest()
#80 /workspace/vendor/phpunit/phpunit/src/Framework/TestRunner/TestRunner.php(87): PHPUnit\Framework\TestCase-&gt;runBare()
#81 /workspace/vendor/phpunit/phpunit/src/Framework/TestCase.php(361): PHPUnit\Framework\TestRunner-&gt;run()
#82 /workspace/vendor/phpunit/phpunit/src/Framework/TestSuite.php(369): PHPUnit\Framework\TestCase-&gt;run()
#83 /workspace/vendor/phpunit/phpunit/src/Framework/TestSuite.php(369): PHPUnit\Framework\TestSuite-&gt;run()
#84 /workspace/vendor/phpunit/phpunit/src/Framework/TestSuite.php(369): PHPUnit\Framework\TestSuite-&gt;run()
#85 /workspace/vendor/phpunit/phpunit/src/TextUI/TestRunner.php(64): PHPUnit\Framework\TestSuite-&gt;run()
#86 /workspace/vendor/phpunit/phpunit/src/TextUI/Application.php(210): PHPUnit\TextUI\TestRunner-&gt;run()
#87 /workspace/vendor/phpunit/phpunit/phpunit(104): PHPUnit\TextUI\Application-&gt;run()
#88 /workspace/vendor/bin/phpunit(122): include('...')
#89 {main}

----------------------------------------------------------------------------------

The PHP GD extension is required, but is not installed.

/workspace/vendor/laravel/framework/src/Illuminate/Testing/TestResponseAssert.php:45
/workspace/vendor/laravel/framework/src/Illuminate/Testing/TestResponse.php:174
/workspace/tests/Feature/Reports/ExportTest.php:27</failure>
        </testcase>
      </testsuite>
    </testsuite>
  </testsuite>
</testsuites>
